<?xml version="1.0" encoding="UTF-8"?>
<!-- Generated by org.testng.reporters.JUnitXMLReporter -->
<testsuite hostname="AND0104" name="Default test" tests="14" failures="0" timestamp="17 Dec 2017 13:57:39 GMT" time="37.61" errors="0">
  <testcase name="searchProduct1" time="5.466" classname="com.ebay.test.search.ProductSearchTest"/>
  <testcase name="selectFifthProductofSecondPage" time="7.109" classname="com.ebay.test.search.ProductSearchTest"/>
  <testcase name="getPriceProductTelevision" time="0.173" classname="com.ebay.test.search.ProductSearchTest"/>
  <testcase name="addToBasketWithoutFixpackTelevision" time="2.291" classname="com.ebay.test.search.ProductSearchTest"/>
  <testcase name="getPriceProductinBasketTelevision" time="0.057" classname="com.ebay.test.search.ProductSearchTest"/>
  <testcase name="compareProductPriceTelevision" time="0.002" classname="com.ebay.test.search.ProductSearchTest"/>
  <testcase name="searchProduct2" time="6.603" classname="com.ebay.test.search.ProductSearchTest"/>
  <testcase name="selectFifthProductofFirstPage" time="2.424" classname="com.ebay.test.search.ProductSearchTest"/>
  <testcase name="getPriceProductIphone" time="0.164" classname="com.ebay.test.search.ProductSearchTest"/>
  <testcase name="addToBasketWithoutFixpackIphone" time="1.465" classname="com.ebay.test.search.ProductSearchTest"/>
  <testcase name="checkTotalNumberofPriceIphoneTelevision" time="0.039" classname="com.ebay.test.search.ProductSearchTest"/>
  <testcase name="deleteTelevisionInBasket" time="0.15" classname="com.ebay.test.search.ProductSearchTest"/>
  <testcase name="controlTotalNumberofPriceAfterDeleteTelevision" time="0.026" classname="com.ebay.test.search.ProductSearchTest"/>
  <testcase name="deleteAllBasket" time="0.219" classname="com.ebay.test.search.ProductSearchTest"/>
</testsuite> <!-- Default test -->
