<?xml version="1.0" encoding="UTF-8"?>
<!-- Generated by org.testng.reporters.JUnitXMLReporter -->
<testsuite hostname="AND0104" name="ChromeTest" tests="14" failures="0" timestamp="17 Dec 2017 14:46:06 GMT" time="236.139" errors="0">
  <testcase name="searchProduct1" time="38.995" classname="com.ebay.test.search.ProductSearchTest"/>
  <testcase name="selectFifthProductofSecondPage" time="37.717" classname="com.ebay.test.search.ProductSearchTest"/>
  <testcase name="getPriceProductTelevision" time="1.534" classname="com.ebay.test.search.ProductSearchTest"/>
  <testcase name="addToBasketWithoutFixpackTelevision" time="7.486" classname="com.ebay.test.search.ProductSearchTest"/>
  <testcase name="getPriceProductinBasketTelevision" time="0.554" classname="com.ebay.test.search.ProductSearchTest"/>
  <testcase name="compareProductPriceTelevision" time="0.003" classname="com.ebay.test.search.ProductSearchTest"/>
  <testcase name="searchProduct2" time="48.175" classname="com.ebay.test.search.ProductSearchTest"/>
  <testcase name="selectFifthProductofFirstPage" time="15.806" classname="com.ebay.test.search.ProductSearchTest"/>
  <testcase name="getPriceProductIphone" time="4.083" classname="com.ebay.test.search.ProductSearchTest"/>
  <testcase name="addToBasketWithoutFixpackIphone" time="12.908" classname="com.ebay.test.search.ProductSearchTest"/>
  <testcase name="checkTotalNumberofPriceIphoneTelevision" time="0.364" classname="com.ebay.test.search.ProductSearchTest"/>
  <testcase name="deleteTelevisionInBasket" time="3.119" classname="com.ebay.test.search.ProductSearchTest"/>
  <testcase name="controlTotalNumberofPriceAfterDeleteTelevision" time="0.18" classname="com.ebay.test.search.ProductSearchTest"/>
  <testcase name="deleteAllBasket" time="1.927" classname="com.ebay.test.search.ProductSearchTest"/>
</testsuite> <!-- ChromeTest -->
